<?xml version="1.0" encoding="UTF-8"?>
<testng-results ignored="0" total="2" passed="2" failed="0" skipped="0">
  <reporter-output>
  </reporter-output>
  <suite started-at="2020-04-12T14:25:42Z" name="Suite" finished-at="2020-04-12T14:26:02Z" duration-ms="19522">
    <groups>
    </groups>
    <test started-at="2020-04-12T14:25:42Z" name="Test" finished-at="2020-04-12T14:26:02Z" duration-ms="19522">
      <class name="CICDHandson.CICDHandson.AppTest">
        <test-method is-config="true" signature="launchDriver()[pri:0, instance:CICDHandson.CICDHandson.AppTest@6f46426d]" started-at="2020-04-12T14:25:42Z" name="launchDriver" finished-at="2020-04-12T14:25:45Z" duration-ms="3387" status="PASS">
          <reporter-output>
          </reporter-output>
        </test-method> <!-- launchDriver -->
        <test-method signature="test1()[pri:0, instance:CICDHandson.CICDHandson.AppTest@6f46426d]" started-at="2020-04-12T14:25:45Z" name="test1" finished-at="2020-04-12T14:25:51Z" duration-ms="5158" status="PASS">
          <reporter-output>
          </reporter-output>
        </test-method> <!-- test1 -->
        <test-method is-config="true" signature="close()[pri:0, instance:CICDHandson.CICDHandson.AppTest@6f46426d]" started-at="2020-04-12T14:25:51Z" name="close" finished-at="2020-04-12T14:25:53Z" duration-ms="2632" status="PASS">
          <reporter-output>
          </reporter-output>
        </test-method> <!-- close -->
        <test-method is-config="true" signature="launchDriver()[pri:0, instance:CICDHandson.CICDHandson.AppTest@6f46426d]" started-at="2020-04-12T14:25:53Z" name="launchDriver" finished-at="2020-04-12T14:25:56Z" duration-ms="3025" status="PASS">
          <reporter-output>
          </reporter-output>
        </test-method> <!-- launchDriver -->
        <test-method signature="test2()[pri:0, instance:CICDHandson.CICDHandson.AppTest@6f46426d]" started-at="2020-04-12T14:25:56Z" name="test2" finished-at="2020-04-12T14:26:00Z" duration-ms="3674" status="PASS">
          <reporter-output>
          </reporter-output>
        </test-method> <!-- test2 -->
        <test-method is-config="true" signature="close()[pri:0, instance:CICDHandson.CICDHandson.AppTest@6f46426d]" started-at="2020-04-12T14:26:00Z" name="close" finished-at="2020-04-12T14:26:02Z" duration-ms="1635" status="PASS">
          <reporter-output>
          </reporter-output>
        </test-method> <!-- close -->
      </class> <!-- CICDHandson.CICDHandson.AppTest -->
    </test> <!-- Test -->
  </suite> <!-- Suite -->
</testng-results>
