<?xml version="1.0" encoding="UTF-8"?>
<testng-results ignored="0" total="2" passed="2" failed="0" skipped="0">
  <reporter-output>
  </reporter-output>
  <suite started-at="2020-04-12T14:15:55Z" name="Suite" finished-at="2020-04-12T14:16:17Z" duration-ms="21502">
    <groups>
    </groups>
    <test started-at="2020-04-12T14:15:55Z" name="Test" finished-at="2020-04-12T14:16:17Z" duration-ms="21502">
      <class name="CICDHandson.CICDHandson.AppTest">
        <test-method is-config="true" signature="launchDriver()[pri:0, instance:CICDHandson.CICDHandson.AppTest@3ee37e5a]" started-at="2020-04-12T14:15:55Z" name="launchDriver" finished-at="2020-04-12T14:15:59Z" duration-ms="3383" status="PASS">
          <reporter-output>
          </reporter-output>
        </test-method> <!-- launchDriver -->
        <test-method signature="test1()[pri:0, instance:CICDHandson.CICDHandson.AppTest@3ee37e5a]" started-at="2020-04-12T14:15:59Z" name="test1" finished-at="2020-04-12T14:16:05Z" duration-ms="6045" status="PASS">
          <reporter-output>
          </reporter-output>
        </test-method> <!-- test1 -->
        <test-method is-config="true" signature="close()[pri:0, instance:CICDHandson.CICDHandson.AppTest@3ee37e5a]" started-at="2020-04-12T14:16:05Z" name="close" finished-at="2020-04-12T14:16:08Z" duration-ms="2640" status="PASS">
          <reporter-output>
          </reporter-output>
        </test-method> <!-- close -->
        <test-method is-config="true" signature="launchDriver()[pri:0, instance:CICDHandson.CICDHandson.AppTest@3ee37e5a]" started-at="2020-04-12T14:16:08Z" name="launchDriver" finished-at="2020-04-12T14:16:11Z" duration-ms="3030" status="PASS">
          <reporter-output>
          </reporter-output>
        </test-method> <!-- launchDriver -->
        <test-method signature="test2()[pri:0, instance:CICDHandson.CICDHandson.AppTest@3ee37e5a]" started-at="2020-04-12T14:16:11Z" name="test2" finished-at="2020-04-12T14:16:14Z" duration-ms="3710" status="PASS">
          <reporter-output>
          </reporter-output>
        </test-method> <!-- test2 -->
        <test-method is-config="true" signature="close()[pri:0, instance:CICDHandson.CICDHandson.AppTest@3ee37e5a]" started-at="2020-04-12T14:16:14Z" name="close" finished-at="2020-04-12T14:16:17Z" duration-ms="2679" status="PASS">
          <reporter-output>
          </reporter-output>
        </test-method> <!-- close -->
      </class> <!-- CICDHandson.CICDHandson.AppTest -->
    </test> <!-- Test -->
  </suite> <!-- Suite -->
</testng-results>
